<?xml version="1.0" encoding="UTF-8"?>
<!-- Generated by org.testng.reporters.JUnitReportReporter -->
<testsuite hostname="LTIN234606" failures="0" tests="16" name="TestRunner.testRunnerTestNG" time="855.671" errors="0" timestamp="2024-03-07T22:48:12 IST" skipped="0">
  <testcase classname="TestRunner.testRunnerTestNG" name="runScenario" time="43.678"/>
  <system-out/>
  <testcase classname="TestRunner.testRunnerTestNG" name="runScenario" time="41.554"/>
  <system-out/>
  <testcase classname="TestRunner.testRunnerTestNG" name="runScenario" time="205.313"/>
  <system-out/>
  <testcase classname="TestRunner.testRunnerTestNG" name="runScenario" time="39.540"/>
  <system-out/>
  <testcase classname="TestRunner.testRunnerTestNG" name="runScenario" time="38.655"/>
  <system-out/>
  <testcase classname="TestRunner.testRunnerTestNG" name="runScenario" time="46.487"/>
  <system-out/>
  <testcase classname="TestRunner.testRunnerTestNG" name="runScenario" time="44.279"/>
  <system-out/>
  <testcase classname="TestRunner.testRunnerTestNG" name="runScenario" time="44.614"/>
  <system-out/>
  <testcase classname="TestRunner.testRunnerTestNG" name="runScenario" time="87.795"/>
  <system-out/>
  <testcase classname="TestRunner.testRunnerTestNG" name="runScenario" time="41.328"/>
  <system-out/>
  <testcase classname="TestRunner.testRunnerTestNG" name="runScenario" time="36.316"/>
  <system-out/>
  <testcase classname="TestRunner.testRunnerTestNG" name="runScenario" time="36.395"/>
  <system-out/>
  <testcase classname="TestRunner.testRunnerTestNG" name="runScenario" time="40.589"/>
  <system-out/>
  <testcase classname="TestRunner.testRunnerTestNG" name="runScenario" time="38.070"/>
  <system-out/>
  <testcase classname="TestRunner.testRunnerTestNG" name="runScenario" time="33.909"/>
  <system-out/>
  <testcase classname="TestRunner.testRunnerTestNG" name="runScenario" time="37.149"/>
  <system-out/>
</testsuite> <!-- TestRunner.testRunnerTestNG -->
